Thu 02 Nov 2023 11:29:52 INFO  
General Hyper Parameters:
gpu_id = 0
use_gpu = True
seed = 2020
state = INFO
reproducibility = True
data_path = dataset/ml-1m
checkpoint_dir = saved
show_progress = True
save_dataset = False
dataset_save_path = None
save_dataloaders = False
dataloaders_save_path = None
log_wandb = False

Training Hyper Parameters:
epochs = 300
train_batch_size = 4096
learner = adam
learning_rate = 0.001
train_neg_sample_args = {'distribution': 'uniform', 'sample_num': 1, 'alpha': 1.0, 'dynamic': False, 'candidate_num': 0}
eval_step = 1
stopping_step = 10
clip_grad_norm = None
weight_decay = 0.0
loss_decimal_place = 4

Evaluation Hyper Parameters:
eval_args = {'split': {'RS': [0.8, 0.1, 0.1]}, 'order': 'RO', 'group_by': 'user', 'mode': {'valid': 'full', 'test': 'full'}}
repeatable = False
metrics = ['Recall', 'NDCG']
topk = [10, 20, 50]
valid_metric = NDCG@10
valid_metric_bigger = True
eval_batch_size = 4096000
metric_decimal_place = 4

Dataset Hyper Parameters:
field_separator = 	
seq_separator =  
USER_ID_FIELD = user_id
ITEM_ID_FIELD = item_id
RATING_FIELD = rating
TIME_FIELD = timestamp
seq_len = None
LABEL_FIELD = label
threshold = None
NEG_PREFIX = neg_
load_col = {'inter': ['user_id', 'item_id', 'rating']}
unload_col = None
unused_col = None
additional_feat_suffix = None
rm_dup_inter = None
val_interval = {'rating': '[3,inf)'}
filter_inter_by_user_or_item = True
user_inter_num_interval = [0,inf)
item_inter_num_interval = [0,inf)
alias_of_user_id = None
alias_of_item_id = None
alias_of_entity_id = None
alias_of_relation_id = None
preload_weight = None
normalize_field = None
normalize_all = None
ITEM_LIST_LENGTH_FIELD = item_length
LIST_SUFFIX = _list
MAX_ITEM_LIST_LENGTH = 50
POSITION_FIELD = position_id
HEAD_ENTITY_ID_FIELD = head_id
TAIL_ENTITY_ID_FIELD = tail_id
RELATION_ID_FIELD = relation_id
ENTITY_ID_FIELD = entity_id
benchmark_filename = None

Other Hyper Parameters: 
worker = 0
wandb_project = recbole
shuffle = True
require_pow = False
enable_amp = False
enable_scaler = False
transform = None
embedding_size = 64
n_layers = 3
reg_weight = 0.0001
ssl_temp = 0.1
ssl_reg = 1e-07
hyper_layers = 1
alpha = 1
proto_reg = 8e-08
num_clusters = 1000
m_step = 1
warm_up_step = 20
numerical_features = []
discretization = None
kg_reverse_r = False
entity_kg_num_interval = [0,inf)
relation_kg_num_interval = [0,inf)
MODEL_TYPE = ModelType.GENERAL
eval_setting = {'split': {'RS': [0.8, 0.1, 0.1]}, 'order': 'RO', 'group_by': 'user', 'mode': 'full'}
MODEL_INPUT_TYPE = InputType.PAIRWISE
eval_type = EvaluatorType.RANKING
single_spec = True
local_rank = 0
device = cuda
valid_neg_sample_args = {'distribution': 'uniform', 'sample_num': 'none'}
test_neg_sample_args = {'distribution': 'uniform', 'sample_num': 'none'}


Thu 02 Nov 2023 11:29:57 INFO  ml-1m
The number of users: 6040
Average actions of users: 138.51266766020865
The number of items: 3629
Average actions of items: 230.56174200661522
The number of inters: 836478
The sparsity of the dataset: 96.18380448885814%
Remain Fields: ['user_id', 'item_id', 'rating']
Thu 02 Nov 2023 11:29:59 INFO  [Training]: train_batch_size = [4096] train_neg_sample_args: [{'distribution': 'uniform', 'sample_num': 1, 'alpha': 1.0, 'dynamic': False, 'candidate_num': 0}]
Thu 02 Nov 2023 11:29:59 INFO  [Evaluation]: eval_batch_size = [4096000] eval_args: [{'split': {'RS': [0.8, 0.1, 0.1]}, 'order': 'RO', 'group_by': 'user', 'mode': {'valid': 'full', 'test': 'full'}}]
Thu 02 Nov 2023 11:30:09 INFO  NCL(
  (user_embedding): Embedding(6040, 64)
  (item_embedding): Embedding(3629, 64)
  (mf_loss): BPRLoss()
  (reg_loss): EmbLoss()
)
Trainable parameters: 618816
Thu 02 Nov 2023 11:30:09 INFO  Running E-step ! 
Thu 02 Nov 2023 11:30:19 INFO  epoch 0 training [time: 6.13s, train_loss1: 114.3616, train_loss2: 0.3546]
Thu 02 Nov 2023 11:30:19 INFO  epoch 0 evaluating [time: 0.56s, valid_score: 0.016500]
Thu 02 Nov 2023 11:30:19 INFO  valid result: 
recall@10 : 0.0115    recall@20 : 0.0197    recall@50 : 0.0393    ndcg@10 : 0.0165    ndcg@20 : 0.0181    ndcg@50 : 0.0243
Thu 02 Nov 2023 11:30:19 INFO  Saving current: saved/NCL-Nov-02-2023_11-30-09.pth
Thu 02 Nov 2023 11:30:19 INFO  Saving current best: saved/NCL-Nov-02-2023_11-30-09.pth
Thu 02 Nov 2023 11:30:19 INFO  Running E-step ! 
Thu 02 Nov 2023 11:30:25 INFO  epoch 1 training [time: 5.62s, train_loss1: 114.3581, train_loss2: 0.1084]
Thu 02 Nov 2023 11:30:26 INFO  epoch 1 evaluating [time: 0.17s, valid_score: 0.014300]
Thu 02 Nov 2023 11:30:26 INFO  valid result: 
recall@10 : 0.0107    recall@20 : 0.0178    recall@50 : 0.0356    ndcg@10 : 0.0143    ndcg@20 : 0.0158    ndcg@50 : 0.0214
Thu 02 Nov 2023 11:30:26 INFO  Running E-step ! 
Thu 02 Nov 2023 11:30:32 INFO  epoch 2 training [time: 6.22s, train_loss1: 114.3544, train_loss2: 0.0858]
Thu 02 Nov 2023 11:30:32 INFO  epoch 2 evaluating [time: 0.16s, valid_score: 0.014400]
Thu 02 Nov 2023 11:30:32 INFO  valid result: 
recall@10 : 0.0107    recall@20 : 0.0178    recall@50 : 0.037    ndcg@10 : 0.0144    ndcg@20 : 0.016    ndcg@50 : 0.022
Thu 02 Nov 2023 11:30:32 INFO  Running E-step ! 
Thu 02 Nov 2023 11:30:38 INFO  epoch 3 training [time: 5.66s, train_loss1: 114.3484, train_loss2: 0.0734]
Thu 02 Nov 2023 11:30:38 INFO  epoch 3 evaluating [time: 0.16s, valid_score: 0.016200]
Thu 02 Nov 2023 11:30:38 INFO  valid result: 
recall@10 : 0.0123    recall@20 : 0.0198    recall@50 : 0.0416    ndcg@10 : 0.0162    ndcg@20 : 0.0179    ndcg@50 : 0.0248
Thu 02 Nov 2023 11:30:38 INFO  Running E-step ! 
Thu 02 Nov 2023 11:30:45 INFO  epoch 4 training [time: 6.27s, train_loss1: 114.3385, train_loss2: 0.0698]
Thu 02 Nov 2023 11:30:45 INFO  epoch 4 evaluating [time: 0.28s, valid_score: 0.019300]
Thu 02 Nov 2023 11:30:45 INFO  valid result: 
recall@10 : 0.0148    recall@20 : 0.0242    recall@50 : 0.0487    ndcg@10 : 0.0193    ndcg@20 : 0.0216    ndcg@50 : 0.0292
Thu 02 Nov 2023 11:30:45 INFO  Saving current: saved/NCL-Nov-02-2023_11-30-09.pth
Thu 02 Nov 2023 11:30:45 INFO  Saving current best: saved/NCL-Nov-02-2023_11-30-09.pth
Thu 02 Nov 2023 11:30:45 INFO  Running E-step ! 
Thu 02 Nov 2023 11:30:52 INFO  epoch 5 training [time: 5.84s, train_loss1: 114.3219, train_loss2: 0.0685]
Thu 02 Nov 2023 11:30:52 INFO  epoch 5 evaluating [time: 0.16s, valid_score: 0.024700]
Thu 02 Nov 2023 11:30:52 INFO  valid result: 
recall@10 : 0.0191    recall@20 : 0.0308    recall@50 : 0.0574    ndcg@10 : 0.0247    ndcg@20 : 0.0273    ndcg@50 : 0.0355
Thu 02 Nov 2023 11:30:52 INFO  Saving current: saved/NCL-Nov-02-2023_11-30-09.pth
Thu 02 Nov 2023 11:30:52 INFO  Saving current best: saved/NCL-Nov-02-2023_11-30-09.pth
Thu 02 Nov 2023 11:30:52 INFO  Running E-step ! 
Thu 02 Nov 2023 11:30:59 INFO  epoch 6 training [time: 6.21s, train_loss1: 114.2935, train_loss2: 0.0689]
Thu 02 Nov 2023 11:30:59 INFO  epoch 6 evaluating [time: 0.17s, valid_score: 0.032000]
Thu 02 Nov 2023 11:30:59 INFO  valid result: 
recall@10 : 0.0261    recall@20 : 0.0402    recall@50 : 0.0731    ndcg@10 : 0.032    ndcg@20 : 0.0349    ndcg@50 : 0.0452
Thu 02 Nov 2023 11:30:59 INFO  Saving current: saved/NCL-Nov-02-2023_11-30-09.pth
Thu 02 Nov 2023 11:30:59 INFO  Saving current best: saved/NCL-Nov-02-2023_11-30-09.pth
Thu 02 Nov 2023 11:30:59 INFO  Running E-step ! 
Thu 02 Nov 2023 11:31:05 INFO  epoch 7 training [time: 5.62s, train_loss1: 114.2429, train_loss2: 0.0716]
Thu 02 Nov 2023 11:31:05 INFO  epoch 7 evaluating [time: 0.16s, valid_score: 0.042800]
Thu 02 Nov 2023 11:31:05 INFO  valid result: 
recall@10 : 0.0353    recall@20 : 0.0558    recall@50 : 0.096    ndcg@10 : 0.0428    ndcg@20 : 0.0474    ndcg@50 : 0.0598
Thu 02 Nov 2023 11:31:05 INFO  Saving current: saved/NCL-Nov-02-2023_11-30-09.pth
Thu 02 Nov 2023 11:31:05 INFO  Saving current best: saved/NCL-Nov-02-2023_11-30-09.pth
Thu 02 Nov 2023 11:31:05 INFO  Running E-step ! 
Thu 02 Nov 2023 11:31:11 INFO  epoch 8 training [time: 6.07s, train_loss1: 114.1484, train_loss2: 0.0777]
Thu 02 Nov 2023 11:31:11 INFO  epoch 8 evaluating [time: 0.16s, valid_score: 0.058400]
Thu 02 Nov 2023 11:31:11 INFO  valid result: 
recall@10 : 0.0482    recall@20 : 0.0748    recall@50 : 0.1266    ndcg@10 : 0.0584    ndcg@20 : 0.0643    ndcg@50 : 0.0801
Thu 02 Nov 2023 11:31:11 INFO  Saving current: saved/NCL-Nov-02-2023_11-30-09.pth
Thu 02 Nov 2023 11:31:11 INFO  Saving current best: saved/NCL-Nov-02-2023_11-30-09.pth
Thu 02 Nov 2023 11:31:11 INFO  Running E-step ! 
Thu 02 Nov 2023 11:31:17 INFO  epoch 9 training [time: 5.58s, train_loss1: 113.9617, train_loss2: 0.0913]
Thu 02 Nov 2023 11:31:18 INFO  epoch 9 evaluating [time: 0.16s, valid_score: 0.078200]
Thu 02 Nov 2023 11:31:18 INFO  valid result: 
recall@10 : 0.066    recall@20 : 0.1008    recall@50 : 0.1629    ndcg@10 : 0.0782    ndcg@20 : 0.0858    ndcg@50 : 0.1051
Thu 02 Nov 2023 11:31:18 INFO  Saving current: saved/NCL-Nov-02-2023_11-30-09.pth
Thu 02 Nov 2023 11:31:18 INFO  Saving current best: saved/NCL-Nov-02-2023_11-30-09.pth
Thu 02 Nov 2023 11:31:18 INFO  Running E-step ! 
Thu 02 Nov 2023 11:31:24 INFO  epoch 10 training [time: 6.05s, train_loss1: 113.5402, train_loss2: 0.1362]
Thu 02 Nov 2023 11:31:24 INFO  epoch 10 evaluating [time: 0.16s, valid_score: 0.109900]
Thu 02 Nov 2023 11:31:24 INFO  valid result: 
recall@10 : 0.0899    recall@20 : 0.1348    recall@50 : 0.2119    ndcg@10 : 0.1099    ndcg@20 : 0.1185    ndcg@50 : 0.1421
Thu 02 Nov 2023 11:31:24 INFO  Saving current: saved/NCL-Nov-02-2023_11-30-09.pth
Thu 02 Nov 2023 11:31:24 INFO  Saving current best: saved/NCL-Nov-02-2023_11-30-09.pth
Thu 02 Nov 2023 11:31:24 INFO  Running E-step ! 
Thu 02 Nov 2023 11:31:30 INFO  epoch 11 training [time: 5.57s, train_loss1: 80.2314, train_loss2: 0.8753]
Thu 02 Nov 2023 11:31:30 INFO  epoch 11 evaluating [time: 0.15s, valid_score: 0.101900]
Thu 02 Nov 2023 11:31:30 INFO  valid result: 
recall@10 : 0.0749    recall@20 : 0.1295    recall@50 : 0.2213    ndcg@10 : 0.1019    ndcg@20 : 0.1131    ndcg@50 : 0.1403
Thu 02 Nov 2023 11:31:30 INFO  Running E-step ! 
Thu 02 Nov 2023 11:31:37 INFO  epoch 12 training [time: 6.03s, train_loss1: 56.1385, train_loss2: 1.1157]
Thu 02 Nov 2023 11:31:37 INFO  epoch 12 evaluating [time: 0.16s, valid_score: 0.103500]
Thu 02 Nov 2023 11:31:37 INFO  valid result: 
recall@10 : 0.0771    recall@20 : 0.1306    recall@50 : 0.2252    ndcg@10 : 0.1035    ndcg@20 : 0.1142    ndcg@50 : 0.1425
Thu 02 Nov 2023 11:31:37 INFO  Running E-step ! 
Thu 02 Nov 2023 11:31:43 INFO  epoch 13 training [time: 5.58s, train_loss1: 53.6465, train_loss2: 1.0986]
Thu 02 Nov 2023 11:31:43 INFO  epoch 13 evaluating [time: 0.16s, valid_score: 0.106900]
Thu 02 Nov 2023 11:31:43 INFO  valid result: 
recall@10 : 0.0807    recall@20 : 0.1333    recall@50 : 0.2362    ndcg@10 : 0.1069    ndcg@20 : 0.117    ndcg@50 : 0.1479
Thu 02 Nov 2023 11:31:43 INFO  Running E-step ! 
Thu 02 Nov 2023 11:31:49 INFO  epoch 14 training [time: 6.03s, train_loss1: 50.5735, train_loss2: 1.0611]
Thu 02 Nov 2023 11:31:49 INFO  epoch 14 evaluating [time: 0.16s, valid_score: 0.111600]
Thu 02 Nov 2023 11:31:49 INFO  valid result: 
recall@10 : 0.0849    recall@20 : 0.1403    recall@50 : 0.2509    ndcg@10 : 0.1116    ndcg@20 : 0.1227    ndcg@50 : 0.1561
Thu 02 Nov 2023 11:31:49 INFO  Saving current: saved/NCL-Nov-02-2023_11-30-09.pth
Thu 02 Nov 2023 11:31:49 INFO  Saving current best: saved/NCL-Nov-02-2023_11-30-09.pth
Thu 02 Nov 2023 11:31:49 INFO  Running E-step ! 
Thu 02 Nov 2023 11:31:55 INFO  epoch 15 training [time: 5.51s, train_loss1: 47.4592, train_loss2: 1.0264]
Thu 02 Nov 2023 11:31:56 INFO  epoch 15 evaluating [time: 0.17s, valid_score: 0.118600]
Thu 02 Nov 2023 11:31:56 INFO  valid result: 
recall@10 : 0.091    recall@20 : 0.1483    recall@50 : 0.2634    ndcg@10 : 0.1186    ndcg@20 : 0.13    ndcg@50 : 0.1648
Thu 02 Nov 2023 11:31:56 INFO  Saving current: saved/NCL-Nov-02-2023_11-30-09.pth
Thu 02 Nov 2023 11:31:56 INFO  Saving current best: saved/NCL-Nov-02-2023_11-30-09.pth
Thu 02 Nov 2023 11:31:56 INFO  Running E-step ! 
Thu 02 Nov 2023 11:32:02 INFO  epoch 16 training [time: 6.04s, train_loss1: 45.1101, train_loss2: 0.9977]
Thu 02 Nov 2023 11:32:02 INFO  epoch 16 evaluating [time: 0.15s, valid_score: 0.125100]
Thu 02 Nov 2023 11:32:02 INFO  valid result: 
recall@10 : 0.0948    recall@20 : 0.1541    recall@50 : 0.2735    ndcg@10 : 0.1251    ndcg@20 : 0.1369    ndcg@50 : 0.1731
Thu 02 Nov 2023 11:32:02 INFO  Saving current: saved/NCL-Nov-02-2023_11-30-09.pth
Thu 02 Nov 2023 11:32:02 INFO  Saving current best: saved/NCL-Nov-02-2023_11-30-09.pth
Thu 02 Nov 2023 11:32:02 INFO  Running E-step ! 
Thu 02 Nov 2023 11:32:08 INFO  epoch 17 training [time: 5.51s, train_loss1: 43.4525, train_loss2: 0.9763]
Thu 02 Nov 2023 11:32:08 INFO  epoch 17 evaluating [time: 0.16s, valid_score: 0.130700]
Thu 02 Nov 2023 11:32:08 INFO  valid result: 
recall@10 : 0.0986    recall@20 : 0.1609    recall@50 : 0.283    ndcg@10 : 0.1307    ndcg@20 : 0.1432    ndcg@50 : 0.1805
Thu 02 Nov 2023 11:32:08 INFO  Saving current: saved/NCL-Nov-02-2023_11-30-09.pth
Thu 02 Nov 2023 11:32:08 INFO  Saving current best: saved/NCL-Nov-02-2023_11-30-09.pth
Thu 02 Nov 2023 11:32:08 INFO  Running E-step ! 
Thu 02 Nov 2023 11:32:15 INFO  epoch 18 training [time: 6.00s, train_loss1: 42.1204, train_loss2: 0.9600]
Thu 02 Nov 2023 11:32:15 INFO  epoch 18 evaluating [time: 0.15s, valid_score: 0.135900]
Thu 02 Nov 2023 11:32:15 INFO  valid result: 
recall@10 : 0.1026    recall@20 : 0.1666    recall@50 : 0.2919    ndcg@10 : 0.1359    ndcg@20 : 0.1484    ndcg@50 : 0.1869
Thu 02 Nov 2023 11:32:15 INFO  Saving current: saved/NCL-Nov-02-2023_11-30-09.pth
Thu 02 Nov 2023 11:32:15 INFO  Saving current best: saved/NCL-Nov-02-2023_11-30-09.pth
Thu 02 Nov 2023 11:32:15 INFO  Running E-step ! 
Thu 02 Nov 2023 11:32:21 INFO  epoch 19 training [time: 5.53s, train_loss1: 40.7757, train_loss2: 0.9451]
Thu 02 Nov 2023 11:32:21 INFO  epoch 19 evaluating [time: 0.15s, valid_score: 0.140800]
Thu 02 Nov 2023 11:32:21 INFO  valid result: 
recall@10 : 0.1065    recall@20 : 0.1716    recall@50 : 0.3021    ndcg@10 : 0.1408    ndcg@20 : 0.1534    ndcg@50 : 0.1936
Thu 02 Nov 2023 11:32:21 INFO  Saving current: saved/NCL-Nov-02-2023_11-30-09.pth
Thu 02 Nov 2023 11:32:21 INFO  Saving current best: saved/NCL-Nov-02-2023_11-30-09.pth
Thu 02 Nov 2023 11:32:21 INFO  Running E-step ! 
Thu 02 Nov 2023 11:32:27 INFO  epoch 20 training [time: 6.25s, train_loss1: 39.7794, train_loss2: 0.9335, train_loss3: 0.3032]
Thu 02 Nov 2023 11:32:28 INFO  epoch 20 evaluating [time: 0.15s, valid_score: 0.145600]
Thu 02 Nov 2023 11:32:28 INFO  valid result: 
recall@10 : 0.1115    recall@20 : 0.1755    recall@50 : 0.309    ndcg@10 : 0.1456    ndcg@20 : 0.1577    ndcg@50 : 0.1991
Thu 02 Nov 2023 11:32:28 INFO  Saving current: saved/NCL-Nov-02-2023_11-30-09.pth
Thu 02 Nov 2023 11:32:28 INFO  Saving current best: saved/NCL-Nov-02-2023_11-30-09.pth
Thu 02 Nov 2023 11:32:28 INFO  Running E-step ! 
Thu 02 Nov 2023 11:32:34 INFO  epoch 21 training [time: 5.76s, train_loss1: 38.9872, train_loss2: 0.9198, train_loss3: 0.2917]
Thu 02 Nov 2023 11:32:34 INFO  epoch 21 evaluating [time: 0.16s, valid_score: 0.149300]
Thu 02 Nov 2023 11:32:34 INFO  valid result: 
recall@10 : 0.1145    recall@20 : 0.1804    recall@50 : 0.3166    ndcg@10 : 0.1493    ndcg@20 : 0.162    ndcg@50 : 0.2042
Thu 02 Nov 2023 11:32:34 INFO  Saving current: saved/NCL-Nov-02-2023_11-30-09.pth
Thu 02 Nov 2023 11:32:34 INFO  Saving current best: saved/NCL-Nov-02-2023_11-30-09.pth
Thu 02 Nov 2023 11:32:34 INFO  Running E-step ! 
Thu 02 Nov 2023 11:32:40 INFO  epoch 22 training [time: 6.27s, train_loss1: 37.9966, train_loss2: 0.9100, train_loss3: 0.2850]
Thu 02 Nov 2023 11:32:41 INFO  epoch 22 evaluating [time: 0.16s, valid_score: 0.152900]
Thu 02 Nov 2023 11:32:41 INFO  valid result: 
recall@10 : 0.1177    recall@20 : 0.1855    recall@50 : 0.3232    ndcg@10 : 0.1529    ndcg@20 : 0.1657    ndcg@50 : 0.2085
Thu 02 Nov 2023 11:32:41 INFO  Saving current: saved/NCL-Nov-02-2023_11-30-09.pth
Thu 02 Nov 2023 11:32:41 INFO  Saving current best: saved/NCL-Nov-02-2023_11-30-09.pth
Thu 02 Nov 2023 11:32:41 INFO  Running E-step ! 
Thu 02 Nov 2023 11:32:47 INFO  epoch 23 training [time: 5.73s, train_loss1: 37.2304, train_loss2: 0.9008, train_loss3: 0.2792]
Thu 02 Nov 2023 11:32:47 INFO  epoch 23 evaluating [time: 0.16s, valid_score: 0.155900]
Thu 02 Nov 2023 11:32:47 INFO  valid result: 
recall@10 : 0.1201    recall@20 : 0.1896    recall@50 : 0.329    ndcg@10 : 0.1559    ndcg@20 : 0.1693    ndcg@50 : 0.2125
Thu 02 Nov 2023 11:32:47 INFO  Saving current: saved/NCL-Nov-02-2023_11-30-09.pth
Thu 02 Nov 2023 11:32:47 INFO  Saving current best: saved/NCL-Nov-02-2023_11-30-09.pth
Thu 02 Nov 2023 11:32:47 INFO  Running E-step ! 
Thu 02 Nov 2023 11:32:54 INFO  epoch 24 training [time: 6.28s, train_loss1: 36.5145, train_loss2: 0.8921, train_loss3: 0.2725]
Thu 02 Nov 2023 11:32:54 INFO  epoch 24 evaluating [time: 0.15s, valid_score: 0.158600]
Thu 02 Nov 2023 11:32:54 INFO  valid result: 
recall@10 : 0.1222    recall@20 : 0.1929    recall@50 : 0.3347    ndcg@10 : 0.1586    ndcg@20 : 0.172    ndcg@50 : 0.216
Thu 02 Nov 2023 11:32:54 INFO  Saving current: saved/NCL-Nov-02-2023_11-30-09.pth
Thu 02 Nov 2023 11:32:54 INFO  Saving current best: saved/NCL-Nov-02-2023_11-30-09.pth
Thu 02 Nov 2023 11:32:54 INFO  Running E-step ! 
Thu 02 Nov 2023 11:33:00 INFO  epoch 25 training [time: 5.75s, train_loss1: 35.9026, train_loss2: 0.8854, train_loss3: 0.2678]
Thu 02 Nov 2023 11:33:00 INFO  epoch 25 evaluating [time: 0.25s, valid_score: 0.162100]
Thu 02 Nov 2023 11:33:00 INFO  valid result: 
recall@10 : 0.1255    recall@20 : 0.1963    recall@50 : 0.34    ndcg@10 : 0.1621    ndcg@20 : 0.1754    ndcg@50 : 0.2198
Thu 02 Nov 2023 11:33:00 INFO  Saving current: saved/NCL-Nov-02-2023_11-30-09.pth
Thu 02 Nov 2023 11:33:00 INFO  Saving current best: saved/NCL-Nov-02-2023_11-30-09.pth
Thu 02 Nov 2023 11:33:00 INFO  Running E-step ! 
Thu 02 Nov 2023 11:33:07 INFO  epoch 26 training [time: 6.21s, train_loss1: 35.3341, train_loss2: 0.8785, train_loss3: 0.2634]
Thu 02 Nov 2023 11:33:07 INFO  epoch 26 evaluating [time: 0.15s, valid_score: 0.164600]
Thu 02 Nov 2023 11:33:07 INFO  valid result: 
recall@10 : 0.1273    recall@20 : 0.2    recall@50 : 0.3446    ndcg@10 : 0.1646    ndcg@20 : 0.1785    ndcg@50 : 0.2233
Thu 02 Nov 2023 11:33:07 INFO  Saving current: saved/NCL-Nov-02-2023_11-30-09.pth
Thu 02 Nov 2023 11:33:07 INFO  Saving current best: saved/NCL-Nov-02-2023_11-30-09.pth
Thu 02 Nov 2023 11:33:07 INFO  Running E-step ! 
Thu 02 Nov 2023 11:33:13 INFO  epoch 27 training [time: 5.94s, train_loss1: 34.7908, train_loss2: 0.8725, train_loss3: 0.2600]
Thu 02 Nov 2023 11:33:14 INFO  epoch 27 evaluating [time: 0.27s, valid_score: 0.168000]
Thu 02 Nov 2023 11:33:14 INFO  valid result: 
recall@10 : 0.1304    recall@20 : 0.2036    recall@50 : 0.35    ndcg@10 : 0.168    ndcg@20 : 0.1818    ndcg@50 : 0.227
Thu 02 Nov 2023 11:33:14 INFO  Saving current: saved/NCL-Nov-02-2023_11-30-09.pth
Thu 02 Nov 2023 11:33:14 INFO  Saving current best: saved/NCL-Nov-02-2023_11-30-09.pth
Thu 02 Nov 2023 11:33:14 INFO  Running E-step ! 
Thu 02 Nov 2023 11:33:20 INFO  epoch 28 training [time: 5.94s, train_loss1: 34.2097, train_loss2: 0.8672, train_loss3: 0.2541]
Thu 02 Nov 2023 11:33:20 INFO  epoch 28 evaluating [time: 0.16s, valid_score: 0.170500]
Thu 02 Nov 2023 11:33:20 INFO  valid result: 
recall@10 : 0.1327    recall@20 : 0.2058    recall@50 : 0.3543    ndcg@10 : 0.1705    ndcg@20 : 0.1842    ndcg@50 : 0.2301
Thu 02 Nov 2023 11:33:20 INFO  Saving current: saved/NCL-Nov-02-2023_11-30-09.pth
Thu 02 Nov 2023 11:33:20 INFO  Saving current best: saved/NCL-Nov-02-2023_11-30-09.pth
Thu 02 Nov 2023 11:33:20 INFO  Running E-step ! 
Thu 02 Nov 2023 11:33:27 INFO  epoch 29 training [time: 6.15s, train_loss1: 33.7308, train_loss2: 0.8622, train_loss3: 0.2508]
Thu 02 Nov 2023 11:33:27 INFO  epoch 29 evaluating [time: 0.25s, valid_score: 0.173400]
Thu 02 Nov 2023 11:33:27 INFO  valid result: 
recall@10 : 0.1348    recall@20 : 0.2097    recall@50 : 0.3579    ndcg@10 : 0.1734    ndcg@20 : 0.1874    ndcg@50 : 0.2332
Thu 02 Nov 2023 11:33:27 INFO  Saving current: saved/NCL-Nov-02-2023_11-30-09.pth
Thu 02 Nov 2023 11:33:27 INFO  Saving current best: saved/NCL-Nov-02-2023_11-30-09.pth
Thu 02 Nov 2023 11:33:27 INFO  Running E-step ! 
Thu 02 Nov 2023 11:33:33 INFO  epoch 30 training [time: 5.77s, train_loss1: 33.1322, train_loss2: 0.8573, train_loss3: 0.2470]
Thu 02 Nov 2023 11:33:33 INFO  epoch 30 evaluating [time: 0.16s, valid_score: 0.175800]
Thu 02 Nov 2023 11:33:33 INFO  valid result: 
recall@10 : 0.1369    recall@20 : 0.2129    recall@50 : 0.362    ndcg@10 : 0.1758    ndcg@20 : 0.1901    ndcg@50 : 0.236
Thu 02 Nov 2023 11:33:33 INFO  Saving current: saved/NCL-Nov-02-2023_11-30-09.pth
Thu 02 Nov 2023 11:33:33 INFO  Saving current best: saved/NCL-Nov-02-2023_11-30-09.pth
Thu 02 Nov 2023 11:33:33 INFO  Running E-step ! 
Thu 02 Nov 2023 11:33:40 INFO  epoch 31 training [time: 6.21s, train_loss1: 32.7591, train_loss2: 0.8530, train_loss3: 0.2443]
Thu 02 Nov 2023 11:33:40 INFO  epoch 31 evaluating [time: 0.18s, valid_score: 0.178000]
Thu 02 Nov 2023 11:33:40 INFO  valid result: 
recall@10 : 0.1384    recall@20 : 0.2153    recall@50 : 0.3654    ndcg@10 : 0.178    ndcg@20 : 0.1926    ndcg@50 : 0.2391
Thu 02 Nov 2023 11:33:40 INFO  Saving current: saved/NCL-Nov-02-2023_11-30-09.pth
Thu 02 Nov 2023 11:33:40 INFO  Saving current best: saved/NCL-Nov-02-2023_11-30-09.pth
Thu 02 Nov 2023 11:33:40 INFO  Running E-step ! 
Thu 02 Nov 2023 11:33:46 INFO  epoch 32 training [time: 5.75s, train_loss1: 32.4765, train_loss2: 0.8489, train_loss3: 0.2410]
Thu 02 Nov 2023 11:33:47 INFO  epoch 32 evaluating [time: 0.15s, valid_score: 0.180900]
Thu 02 Nov 2023 11:33:47 INFO  valid result: 
recall@10 : 0.1416    recall@20 : 0.2193    recall@50 : 0.3694    ndcg@10 : 0.1809    ndcg@20 : 0.1957    ndcg@50 : 0.2421
Thu 02 Nov 2023 11:33:47 INFO  Saving current: saved/NCL-Nov-02-2023_11-30-09.pth
Thu 02 Nov 2023 11:33:47 INFO  Saving current best: saved/NCL-Nov-02-2023_11-30-09.pth
Thu 02 Nov 2023 11:33:47 INFO  Running E-step ! 
Thu 02 Nov 2023 11:33:53 INFO  epoch 33 training [time: 6.29s, train_loss1: 32.1802, train_loss2: 0.8453, train_loss3: 0.2378]
Thu 02 Nov 2023 11:33:53 INFO  epoch 33 evaluating [time: 0.16s, valid_score: 0.183200]
Thu 02 Nov 2023 11:33:53 INFO  valid result: 
recall@10 : 0.1435    recall@20 : 0.2218    recall@50 : 0.3726    ndcg@10 : 0.1832    ndcg@20 : 0.1982    ndcg@50 : 0.2449
Thu 02 Nov 2023 11:33:53 INFO  Saving current: saved/NCL-Nov-02-2023_11-30-09.pth
Thu 02 Nov 2023 11:33:53 INFO  Saving current best: saved/NCL-Nov-02-2023_11-30-09.pth
Thu 02 Nov 2023 11:33:53 INFO  Running E-step ! 
Thu 02 Nov 2023 11:33:59 INFO  epoch 34 training [time: 5.72s, train_loss1: 31.6814, train_loss2: 0.8419, train_loss3: 0.2347]
Thu 02 Nov 2023 11:34:00 INFO  epoch 34 evaluating [time: 0.48s, valid_score: 0.185300]
Thu 02 Nov 2023 11:34:00 INFO  valid result: 
recall@10 : 0.1455    recall@20 : 0.2252    recall@50 : 0.376    ndcg@10 : 0.1853    ndcg@20 : 0.2007    ndcg@50 : 0.2473
Thu 02 Nov 2023 11:34:00 INFO  Saving current: saved/NCL-Nov-02-2023_11-30-09.pth
Thu 02 Nov 2023 11:34:00 INFO  Saving current best: saved/NCL-Nov-02-2023_11-30-09.pth
Thu 02 Nov 2023 11:34:00 INFO  Running E-step ! 
Thu 02 Nov 2023 11:34:07 INFO  epoch 35 training [time: 6.26s, train_loss1: 31.4683, train_loss2: 0.8386, train_loss3: 0.2326]
Thu 02 Nov 2023 11:34:07 INFO  epoch 35 evaluating [time: 0.15s, valid_score: 0.187100]
Thu 02 Nov 2023 11:34:07 INFO  valid result: 
recall@10 : 0.1469    recall@20 : 0.2279    recall@50 : 0.3794    ndcg@10 : 0.1871    ndcg@20 : 0.203    ndcg@50 : 0.2497
Thu 02 Nov 2023 11:34:07 INFO  Saving current: saved/NCL-Nov-02-2023_11-30-09.pth
Thu 02 Nov 2023 11:34:07 INFO  Saving current best: saved/NCL-Nov-02-2023_11-30-09.pth
Thu 02 Nov 2023 11:34:07 INFO  Running E-step ! 
Thu 02 Nov 2023 11:34:13 INFO  epoch 36 training [time: 5.78s, train_loss1: 30.9206, train_loss2: 0.8353, train_loss3: 0.2297]
Thu 02 Nov 2023 11:34:13 INFO  epoch 36 evaluating [time: 0.16s, valid_score: 0.188900]
Thu 02 Nov 2023 11:34:13 INFO  valid result: 
recall@10 : 0.1488    recall@20 : 0.2314    recall@50 : 0.383    ndcg@10 : 0.1889    ndcg@20 : 0.2054    ndcg@50 : 0.2519
Thu 02 Nov 2023 11:34:13 INFO  Saving current: saved/NCL-Nov-02-2023_11-30-09.pth
Thu 02 Nov 2023 11:34:13 INFO  Saving current best: saved/NCL-Nov-02-2023_11-30-09.pth
Thu 02 Nov 2023 11:34:13 INFO  Running E-step ! 
Thu 02 Nov 2023 11:34:20 INFO  epoch 37 training [time: 6.27s, train_loss1: 30.7566, train_loss2: 0.8319, train_loss3: 0.2269]
Thu 02 Nov 2023 11:34:20 INFO  epoch 37 evaluating [time: 0.17s, valid_score: 0.191100]
Thu 02 Nov 2023 11:34:20 INFO  valid result: 
recall@10 : 0.1513    recall@20 : 0.2335    recall@50 : 0.386    ndcg@10 : 0.1911    ndcg@20 : 0.2075    ndcg@50 : 0.2543
Thu 02 Nov 2023 11:34:20 INFO  Saving current: saved/NCL-Nov-02-2023_11-30-09.pth
Thu 02 Nov 2023 11:34:20 INFO  Saving current best: saved/NCL-Nov-02-2023_11-30-09.pth
Thu 02 Nov 2023 11:34:20 INFO  Running E-step ! 
Thu 02 Nov 2023 11:34:26 INFO  epoch 38 training [time: 5.80s, train_loss1: 30.3767, train_loss2: 0.8288, train_loss3: 0.2249]
Thu 02 Nov 2023 11:34:26 INFO  epoch 38 evaluating [time: 0.16s, valid_score: 0.192400]
Thu 02 Nov 2023 11:34:26 INFO  valid result: 
recall@10 : 0.1524    recall@20 : 0.2359    recall@50 : 0.3881    ndcg@10 : 0.1924    ndcg@20 : 0.2092    ndcg@50 : 0.2559
Thu 02 Nov 2023 11:34:26 INFO  Saving current: saved/NCL-Nov-02-2023_11-30-09.pth
Thu 02 Nov 2023 11:34:26 INFO  Saving current best: saved/NCL-Nov-02-2023_11-30-09.pth
Thu 02 Nov 2023 11:34:26 INFO  Running E-step ! 
Thu 02 Nov 2023 11:34:33 INFO  epoch 39 training [time: 6.20s, train_loss1: 30.1701, train_loss2: 0.8265, train_loss3: 0.2218]
Thu 02 Nov 2023 11:34:33 INFO  epoch 39 evaluating [time: 0.16s, valid_score: 0.194200]
Thu 02 Nov 2023 11:34:33 INFO  valid result: 
recall@10 : 0.1545    recall@20 : 0.2384    recall@50 : 0.3904    ndcg@10 : 0.1942    ndcg@20 : 0.2114    ndcg@50 : 0.2581
Thu 02 Nov 2023 11:34:33 INFO  Saving current: saved/NCL-Nov-02-2023_11-30-09.pth
Thu 02 Nov 2023 11:34:33 INFO  Saving current best: saved/NCL-Nov-02-2023_11-30-09.pth
Thu 02 Nov 2023 11:34:33 INFO  Running E-step ! 
Thu 02 Nov 2023 11:34:39 INFO  epoch 40 training [time: 5.73s, train_loss1: 29.7660, train_loss2: 0.8239, train_loss3: 0.2197]
Thu 02 Nov 2023 11:34:39 INFO  epoch 40 evaluating [time: 0.15s, valid_score: 0.195600]
Thu 02 Nov 2023 11:34:39 INFO  valid result: 
recall@10 : 0.1563    recall@20 : 0.2405    recall@50 : 0.3928    ndcg@10 : 0.1956    ndcg@20 : 0.2128    ndcg@50 : 0.2596
Thu 02 Nov 2023 11:34:39 INFO  Saving current: saved/NCL-Nov-02-2023_11-30-09.pth
Thu 02 Nov 2023 11:34:39 INFO  Saving current best: saved/NCL-Nov-02-2023_11-30-09.pth
Thu 02 Nov 2023 11:34:39 INFO  Running E-step ! 
Thu 02 Nov 2023 11:34:46 INFO  epoch 41 training [time: 6.24s, train_loss1: 29.5308, train_loss2: 0.8213, train_loss3: 0.2184]
Thu 02 Nov 2023 11:34:46 INFO  epoch 41 evaluating [time: 0.16s, valid_score: 0.197200]
Thu 02 Nov 2023 11:34:46 INFO  valid result: 
recall@10 : 0.1583    recall@20 : 0.2416    recall@50 : 0.3948    ndcg@10 : 0.1972    ndcg@20 : 0.2139    ndcg@50 : 0.2611
Thu 02 Nov 2023 11:34:46 INFO  Saving current: saved/NCL-Nov-02-2023_11-30-09.pth
Thu 02 Nov 2023 11:34:46 INFO  Saving current best: saved/NCL-Nov-02-2023_11-30-09.pth
Thu 02 Nov 2023 11:34:46 INFO  Running E-step ! 
Thu 02 Nov 2023 11:34:52 INFO  epoch 42 training [time: 5.72s, train_loss1: 29.2596, train_loss2: 0.8190, train_loss3: 0.2166]
Thu 02 Nov 2023 11:34:52 INFO  epoch 42 evaluating [time: 0.16s, valid_score: 0.198200]
Thu 02 Nov 2023 11:34:52 INFO  valid result: 
recall@10 : 0.1595    recall@20 : 0.2442    recall@50 : 0.3977    ndcg@10 : 0.1982    ndcg@20 : 0.2151    ndcg@50 : 0.2625
Thu 02 Nov 2023 11:34:52 INFO  Saving current: saved/NCL-Nov-02-2023_11-30-09.pth
Thu 02 Nov 2023 11:34:52 INFO  Saving current best: saved/NCL-Nov-02-2023_11-30-09.pth
Thu 02 Nov 2023 11:34:52 INFO  Running E-step ! 
Thu 02 Nov 2023 11:34:59 INFO  epoch 43 training [time: 6.86s, train_loss1: 29.0657, train_loss2: 0.8166, train_loss3: 0.2144]
Thu 02 Nov 2023 11:35:00 INFO  epoch 43 evaluating [time: 0.16s, valid_score: 0.199600]
Thu 02 Nov 2023 11:35:00 INFO  valid result: 
recall@10 : 0.1609    recall@20 : 0.2456    recall@50 : 0.3996    ndcg@10 : 0.1996    ndcg@20 : 0.2165    ndcg@50 : 0.264
Thu 02 Nov 2023 11:35:00 INFO  Saving current: saved/NCL-Nov-02-2023_11-30-09.pth
Thu 02 Nov 2023 11:35:00 INFO  Saving current best: saved/NCL-Nov-02-2023_11-30-09.pth
Thu 02 Nov 2023 11:35:00 INFO  Running E-step ! 
Thu 02 Nov 2023 11:35:06 INFO  epoch 44 training [time: 5.80s, train_loss1: 28.8667, train_loss2: 0.8143, train_loss3: 0.2129]
Thu 02 Nov 2023 11:35:06 INFO  epoch 44 evaluating [time: 0.15s, valid_score: 0.200000]
Thu 02 Nov 2023 11:35:06 INFO  valid result: 
recall@10 : 0.1618    recall@20 : 0.2474    recall@50 : 0.4025    ndcg@10 : 0.2    ndcg@20 : 0.2173    ndcg@50 : 0.2653
Thu 02 Nov 2023 11:35:06 INFO  Saving current: saved/NCL-Nov-02-2023_11-30-09.pth
Thu 02 Nov 2023 11:35:06 INFO  Saving current best: saved/NCL-Nov-02-2023_11-30-09.pth
Thu 02 Nov 2023 11:35:06 INFO  Running E-step ! 
Thu 02 Nov 2023 11:35:13 INFO  epoch 45 training [time: 6.28s, train_loss1: 28.5086, train_loss2: 0.8119, train_loss3: 0.2114]
Thu 02 Nov 2023 11:35:13 INFO  epoch 45 evaluating [time: 0.17s, valid_score: 0.201000]
Thu 02 Nov 2023 11:35:13 INFO  valid result: 
recall@10 : 0.1631    recall@20 : 0.2491    recall@50 : 0.4038    ndcg@10 : 0.201    ndcg@20 : 0.2182    ndcg@50 : 0.2662
Thu 02 Nov 2023 11:35:13 INFO  Saving current: saved/NCL-Nov-02-2023_11-30-09.pth
Thu 02 Nov 2023 11:35:13 INFO  Saving current best: saved/NCL-Nov-02-2023_11-30-09.pth
Thu 02 Nov 2023 11:35:13 INFO  Running E-step ! 
Thu 02 Nov 2023 11:35:19 INFO  epoch 46 training [time: 5.74s, train_loss1: 28.4714, train_loss2: 0.8098, train_loss3: 0.2098]
Thu 02 Nov 2023 11:35:19 INFO  epoch 46 evaluating [time: 0.16s, valid_score: 0.202600]
Thu 02 Nov 2023 11:35:19 INFO  valid result: 
recall@10 : 0.1642    recall@20 : 0.2508    recall@50 : 0.4061    ndcg@10 : 0.2026    ndcg@20 : 0.2196    ndcg@50 : 0.2678
Thu 02 Nov 2023 11:35:19 INFO  Saving current: saved/NCL-Nov-02-2023_11-30-09.pth
Thu 02 Nov 2023 11:35:19 INFO  Saving current best: saved/NCL-Nov-02-2023_11-30-09.pth
Thu 02 Nov 2023 11:35:19 INFO  Running E-step ! 
Thu 02 Nov 2023 11:35:26 INFO  epoch 47 training [time: 6.18s, train_loss1: 28.1402, train_loss2: 0.8078, train_loss3: 0.2086]
Thu 02 Nov 2023 11:35:26 INFO  epoch 47 evaluating [time: 0.15s, valid_score: 0.203600]
Thu 02 Nov 2023 11:35:26 INFO  valid result: 
recall@10 : 0.1651    recall@20 : 0.2515    recall@50 : 0.4078    ndcg@10 : 0.2036    ndcg@20 : 0.2205    ndcg@50 : 0.269
Thu 02 Nov 2023 11:35:26 INFO  Saving current: saved/NCL-Nov-02-2023_11-30-09.pth
Thu 02 Nov 2023 11:35:26 INFO  Saving current best: saved/NCL-Nov-02-2023_11-30-09.pth
Thu 02 Nov 2023 11:35:26 INFO  Running E-step ! 
Thu 02 Nov 2023 11:35:32 INFO  epoch 48 training [time: 5.81s, train_loss1: 27.9888, train_loss2: 0.8059, train_loss3: 0.2072]
Thu 02 Nov 2023 11:35:32 INFO  epoch 48 evaluating [time: 0.26s, valid_score: 0.204400]
Thu 02 Nov 2023 11:35:32 INFO  valid result: 
recall@10 : 0.1659    recall@20 : 0.2518    recall@50 : 0.409    ndcg@10 : 0.2044    ndcg@20 : 0.221    ndcg@50 : 0.2699
Thu 02 Nov 2023 11:35:32 INFO  Saving current: saved/NCL-Nov-02-2023_11-30-09.pth
Thu 02 Nov 2023 11:35:32 INFO  Saving current best: saved/NCL-Nov-02-2023_11-30-09.pth
Thu 02 Nov 2023 11:35:32 INFO  Running E-step ! 
Thu 02 Nov 2023 11:35:39 INFO  epoch 49 training [time: 6.08s, train_loss1: 27.6193, train_loss2: 0.8040, train_loss3: 0.2060]
Thu 02 Nov 2023 11:35:39 INFO  epoch 49 evaluating [time: 0.15s, valid_score: 0.205600]
Thu 02 Nov 2023 11:35:39 INFO  valid result: 
recall@10 : 0.1669    recall@20 : 0.2534    recall@50 : 0.4111    ndcg@10 : 0.2056    ndcg@20 : 0.2225    ndcg@50 : 0.2714
Thu 02 Nov 2023 11:35:39 INFO  Saving current: saved/NCL-Nov-02-2023_11-30-09.pth
Thu 02 Nov 2023 11:35:39 INFO  Saving current best: saved/NCL-Nov-02-2023_11-30-09.pth
Thu 02 Nov 2023 11:35:39 INFO  Running E-step ! 
Thu 02 Nov 2023 11:35:46 INFO  epoch 50 training [time: 5.96s, train_loss1: 27.6346, train_loss2: 0.8021, train_loss3: 0.2043]
Thu 02 Nov 2023 11:35:46 INFO  epoch 50 evaluating [time: 0.29s, valid_score: 0.206100]
Thu 02 Nov 2023 11:35:46 INFO  valid result: 
recall@10 : 0.1674    recall@20 : 0.2544    recall@50 : 0.4118    ndcg@10 : 0.2061    ndcg@20 : 0.2233    ndcg@50 : 0.2722
Thu 02 Nov 2023 11:35:46 INFO  Saving current: saved/NCL-Nov-02-2023_11-30-09.pth
Thu 02 Nov 2023 11:35:46 INFO  Saving current best: saved/NCL-Nov-02-2023_11-30-09.pth
Thu 02 Nov 2023 11:35:46 INFO  Running E-step ! 
Thu 02 Nov 2023 11:35:52 INFO  epoch 51 training [time: 5.83s, train_loss1: 27.1254, train_loss2: 0.8001, train_loss3: 0.2030]
Thu 02 Nov 2023 11:35:52 INFO  epoch 51 evaluating [time: 0.16s, valid_score: 0.206800]
Thu 02 Nov 2023 11:35:52 INFO  valid result: 
recall@10 : 0.1683    recall@20 : 0.2556    recall@50 : 0.4126    ndcg@10 : 0.2068    ndcg@20 : 0.2241    ndcg@50 : 0.2728
Thu 02 Nov 2023 11:35:52 INFO  Saving current: saved/NCL-Nov-02-2023_11-30-09.pth
Thu 02 Nov 2023 11:35:52 INFO  Saving current best: saved/NCL-Nov-02-2023_11-30-09.pth
Thu 02 Nov 2023 11:35:52 INFO  Running E-step ! 
Thu 02 Nov 2023 11:35:59 INFO  epoch 52 training [time: 6.10s, train_loss1: 27.2037, train_loss2: 0.7982, train_loss3: 0.2014]
Thu 02 Nov 2023 11:35:59 INFO  epoch 52 evaluating [time: 0.25s, valid_score: 0.207500]
Thu 02 Nov 2023 11:35:59 INFO  valid result: 
recall@10 : 0.169    recall@20 : 0.2574    recall@50 : 0.4145    ndcg@10 : 0.2075    ndcg@20 : 0.2252    ndcg@50 : 0.2739
Thu 02 Nov 2023 11:35:59 INFO  Saving current: saved/NCL-Nov-02-2023_11-30-09.pth
Thu 02 Nov 2023 11:35:59 INFO  Saving current best: saved/NCL-Nov-02-2023_11-30-09.pth
Thu 02 Nov 2023 11:35:59 INFO  Running E-step ! 
Thu 02 Nov 2023 11:36:05 INFO  epoch 53 training [time: 5.69s, train_loss1: 26.9506, train_loss2: 0.7963, train_loss3: 0.2005]
Thu 02 Nov 2023 11:36:05 INFO  epoch 53 evaluating [time: 0.16s, valid_score: 0.208200]
Thu 02 Nov 2023 11:36:05 INFO  valid result: 
recall@10 : 0.1686    recall@20 : 0.2576    recall@50 : 0.4155    ndcg@10 : 0.2082    ndcg@20 : 0.2259    ndcg@50 : 0.2749
Thu 02 Nov 2023 11:36:05 INFO  Saving current: saved/NCL-Nov-02-2023_11-30-09.pth
Thu 02 Nov 2023 11:36:05 INFO  Saving current best: saved/NCL-Nov-02-2023_11-30-09.pth
Thu 02 Nov 2023 11:36:05 INFO  Running E-step ! 
Thu 02 Nov 2023 11:36:12 INFO  epoch 54 training [time: 6.24s, train_loss1: 26.7518, train_loss2: 0.7947, train_loss3: 0.1993]
Thu 02 Nov 2023 11:36:12 INFO  epoch 54 evaluating [time: 0.17s, valid_score: 0.208400]
Thu 02 Nov 2023 11:36:12 INFO  valid result: 
recall@10 : 0.1695    recall@20 : 0.2587    recall@50 : 0.4165    ndcg@10 : 0.2084    ndcg@20 : 0.2265    ndcg@50 : 0.2754
Thu 02 Nov 2023 11:36:12 INFO  Saving current: saved/NCL-Nov-02-2023_11-30-09.pth
Thu 02 Nov 2023 11:36:12 INFO  Saving current best: saved/NCL-Nov-02-2023_11-30-09.pth
Thu 02 Nov 2023 11:36:12 INFO  Running E-step ! 
Thu 02 Nov 2023 11:36:18 INFO  epoch 55 training [time: 5.70s, train_loss1: 26.5598, train_loss2: 0.7928, train_loss3: 0.1981]
Thu 02 Nov 2023 11:36:18 INFO  epoch 55 evaluating [time: 0.15s, valid_score: 0.208800]
Thu 02 Nov 2023 11:36:18 INFO  valid result: 
recall@10 : 0.1694    recall@20 : 0.2591    recall@50 : 0.4171    ndcg@10 : 0.2088    ndcg@20 : 0.2269    ndcg@50 : 0.2759
Thu 02 Nov 2023 11:36:19 INFO  Saving current: saved/NCL-Nov-02-2023_11-30-09.pth
Thu 02 Nov 2023 11:36:19 INFO  Saving current best: saved/NCL-Nov-02-2023_11-30-09.pth
Thu 02 Nov 2023 11:36:19 INFO  Running E-step ! 
Thu 02 Nov 2023 11:36:25 INFO  epoch 56 training [time: 6.32s, train_loss1: 26.5642, train_loss2: 0.7911, train_loss3: 0.1969]
Thu 02 Nov 2023 11:36:25 INFO  epoch 56 evaluating [time: 0.16s, valid_score: 0.209400]
Thu 02 Nov 2023 11:36:25 INFO  valid result: 
recall@10 : 0.1698    recall@20 : 0.2607    recall@50 : 0.4186    ndcg@10 : 0.2094    ndcg@20 : 0.2278    ndcg@50 : 0.2768
Thu 02 Nov 2023 11:36:25 INFO  Saving current: saved/NCL-Nov-02-2023_11-30-09.pth
Thu 02 Nov 2023 11:36:25 INFO  Saving current best: saved/NCL-Nov-02-2023_11-30-09.pth
Thu 02 Nov 2023 11:36:25 INFO  Running E-step ! 
Thu 02 Nov 2023 11:36:32 INFO  epoch 57 training [time: 5.84s, train_loss1: 26.3446, train_loss2: 0.7894, train_loss3: 0.1960]
Thu 02 Nov 2023 11:36:32 INFO  epoch 57 evaluating [time: 0.16s, valid_score: 0.209600]
Thu 02 Nov 2023 11:36:32 INFO  valid result: 
recall@10 : 0.1707    recall@20 : 0.2613    recall@50 : 0.4199    ndcg@10 : 0.2096    ndcg@20 : 0.228    ndcg@50 : 0.2772
Thu 02 Nov 2023 11:36:32 INFO  Saving current: saved/NCL-Nov-02-2023_11-30-09.pth
Thu 02 Nov 2023 11:36:32 INFO  Saving current best: saved/NCL-Nov-02-2023_11-30-09.pth
Thu 02 Nov 2023 11:36:32 INFO  Running E-step ! 
Thu 02 Nov 2023 11:36:39 INFO  epoch 58 training [time: 6.39s, train_loss1: 26.0597, train_loss2: 0.7877, train_loss3: 0.1948]
Thu 02 Nov 2023 11:36:39 INFO  epoch 58 evaluating [time: 0.15s, valid_score: 0.209800]
Thu 02 Nov 2023 11:36:39 INFO  valid result: 
recall@10 : 0.1708    recall@20 : 0.2621    recall@50 : 0.4212    ndcg@10 : 0.2098    ndcg@20 : 0.2284    ndcg@50 : 0.2779
Thu 02 Nov 2023 11:36:39 INFO  Saving current: saved/NCL-Nov-02-2023_11-30-09.pth
Thu 02 Nov 2023 11:36:39 INFO  Saving current best: saved/NCL-Nov-02-2023_11-30-09.pth
Thu 02 Nov 2023 11:36:39 INFO  Running E-step ! 
Thu 02 Nov 2023 11:36:45 INFO  epoch 59 training [time: 5.85s, train_loss1: 26.0946, train_loss2: 0.7863, train_loss3: 0.1936]
Thu 02 Nov 2023 11:36:45 INFO  epoch 59 evaluating [time: 0.16s, valid_score: 0.210500]
Thu 02 Nov 2023 11:36:45 INFO  valid result: 
recall@10 : 0.1714    recall@20 : 0.2625    recall@50 : 0.4221    ndcg@10 : 0.2105    ndcg@20 : 0.2292    ndcg@50 : 0.2788
Thu 02 Nov 2023 11:36:45 INFO  Saving current: saved/NCL-Nov-02-2023_11-30-09.pth
Thu 02 Nov 2023 11:36:45 INFO  Saving current best: saved/NCL-Nov-02-2023_11-30-09.pth
Thu 02 Nov 2023 11:36:45 INFO  Running E-step ! 
Thu 02 Nov 2023 11:36:52 INFO  epoch 60 training [time: 6.25s, train_loss1: 25.7875, train_loss2: 0.7847, train_loss3: 0.1922]
Thu 02 Nov 2023 11:36:52 INFO  epoch 60 evaluating [time: 0.16s, valid_score: 0.211100]
Thu 02 Nov 2023 11:36:52 INFO  valid result: 
recall@10 : 0.172    recall@20 : 0.2626    recall@50 : 0.4228    ndcg@10 : 0.2111    ndcg@20 : 0.2298    ndcg@50 : 0.2796
Thu 02 Nov 2023 11:36:52 INFO  Saving current: saved/NCL-Nov-02-2023_11-30-09.pth
Thu 02 Nov 2023 11:36:52 INFO  Saving current best: saved/NCL-Nov-02-2023_11-30-09.pth
Thu 02 Nov 2023 11:36:52 INFO  Running E-step ! 
Thu 02 Nov 2023 11:36:58 INFO  epoch 61 training [time: 5.78s, train_loss1: 25.6149, train_loss2: 0.7831, train_loss3: 0.1914]
Thu 02 Nov 2023 11:36:58 INFO  epoch 61 evaluating [time: 0.15s, valid_score: 0.211500]
Thu 02 Nov 2023 11:36:58 INFO  valid result: 
recall@10 : 0.1726    recall@20 : 0.2634    recall@50 : 0.4234    ndcg@10 : 0.2115    ndcg@20 : 0.2302    ndcg@50 : 0.28
Thu 02 Nov 2023 11:36:58 INFO  Saving current: saved/NCL-Nov-02-2023_11-30-09.pth
Thu 02 Nov 2023 11:36:58 INFO  Saving current best: saved/NCL-Nov-02-2023_11-30-09.pth
Thu 02 Nov 2023 11:36:58 INFO  Running E-step ! 
Thu 02 Nov 2023 11:37:05 INFO  epoch 62 training [time: 6.17s, train_loss1: 25.5327, train_loss2: 0.7817, train_loss3: 0.1903]
Thu 02 Nov 2023 11:37:05 INFO  epoch 62 evaluating [time: 0.16s, valid_score: 0.211900]
Thu 02 Nov 2023 11:37:05 INFO  valid result: 
recall@10 : 0.1734    recall@20 : 0.2645    recall@50 : 0.4247    ndcg@10 : 0.2119    ndcg@20 : 0.2307    ndcg@50 : 0.2806
Thu 02 Nov 2023 11:37:05 INFO  Saving current: saved/NCL-Nov-02-2023_11-30-09.pth
Thu 02 Nov 2023 11:37:05 INFO  Saving current best: saved/NCL-Nov-02-2023_11-30-09.pth
Thu 02 Nov 2023 11:37:05 INFO  Running E-step ! 
Thu 02 Nov 2023 11:37:11 INFO  epoch 63 training [time: 5.71s, train_loss1: 25.3018, train_loss2: 0.7801, train_loss3: 0.1894]
Thu 02 Nov 2023 11:37:11 INFO  epoch 63 evaluating [time: 0.16s, valid_score: 0.212400]
Thu 02 Nov 2023 11:37:11 INFO  valid result: 
recall@10 : 0.1736    recall@20 : 0.2643    recall@50 : 0.4258    ndcg@10 : 0.2124    ndcg@20 : 0.2309    ndcg@50 : 0.2814
Thu 02 Nov 2023 11:37:11 INFO  Saving current: saved/NCL-Nov-02-2023_11-30-09.pth
Thu 02 Nov 2023 11:37:11 INFO  Saving current best: saved/NCL-Nov-02-2023_11-30-09.pth
Thu 02 Nov 2023 11:37:11 INFO  Running E-step ! 
Thu 02 Nov 2023 11:37:18 INFO  epoch 64 training [time: 6.24s, train_loss1: 25.0979, train_loss2: 0.7786, train_loss3: 0.1883]
Thu 02 Nov 2023 11:37:18 INFO  epoch 64 evaluating [time: 0.15s, valid_score: 0.212600]
Thu 02 Nov 2023 11:37:18 INFO  valid result: 
recall@10 : 0.1737    recall@20 : 0.265    recall@50 : 0.4262    ndcg@10 : 0.2126    ndcg@20 : 0.2312    ndcg@50 : 0.2816
Thu 02 Nov 2023 11:37:18 INFO  Saving current: saved/NCL-Nov-02-2023_11-30-09.pth
Thu 02 Nov 2023 11:37:18 INFO  Saving current best: saved/NCL-Nov-02-2023_11-30-09.pth
Thu 02 Nov 2023 11:37:18 INFO  Running E-step ! 
Thu 02 Nov 2023 11:37:24 INFO  epoch 65 training [time: 5.71s, train_loss1: 25.0649, train_loss2: 0.7774, train_loss3: 0.1874]
Thu 02 Nov 2023 11:37:24 INFO  epoch 65 evaluating [time: 0.17s, valid_score: 0.213200]
Thu 02 Nov 2023 11:37:24 INFO  valid result: 
recall@10 : 0.1744    recall@20 : 0.2656    recall@50 : 0.4263    ndcg@10 : 0.2132    ndcg@20 : 0.2319    ndcg@50 : 0.282
Thu 02 Nov 2023 11:37:24 INFO  Saving current: saved/NCL-Nov-02-2023_11-30-09.pth
Thu 02 Nov 2023 11:37:24 INFO  Saving current best: saved/NCL-Nov-02-2023_11-30-09.pth
Thu 02 Nov 2023 11:37:24 INFO  Running E-step ! 
Thu 02 Nov 2023 11:37:31 INFO  epoch 66 training [time: 6.19s, train_loss1: 24.9384, train_loss2: 0.7760, train_loss3: 0.1867]
Thu 02 Nov 2023 11:37:31 INFO  epoch 66 evaluating [time: 0.16s, valid_score: 0.213200]
Thu 02 Nov 2023 11:37:31 INFO  valid result: 
recall@10 : 0.1745    recall@20 : 0.266    recall@50 : 0.427    ndcg@10 : 0.2132    ndcg@20 : 0.2322    ndcg@50 : 0.2823
Thu 02 Nov 2023 11:37:31 INFO  Saving current: saved/NCL-Nov-02-2023_11-30-09.pth
Thu 02 Nov 2023 11:37:31 INFO  Saving current best: saved/NCL-Nov-02-2023_11-30-09.pth
Thu 02 Nov 2023 11:37:31 INFO  Running E-step ! 
Thu 02 Nov 2023 11:37:37 INFO  epoch 67 training [time: 5.72s, train_loss1: 24.7054, train_loss2: 0.7747, train_loss3: 0.1862]
Thu 02 Nov 2023 11:37:37 INFO  epoch 67 evaluating [time: 0.16s, valid_score: 0.213300]
Thu 02 Nov 2023 11:37:37 INFO  valid result: 
recall@10 : 0.1745    recall@20 : 0.267    recall@50 : 0.4277    ndcg@10 : 0.2133    ndcg@20 : 0.2325    ndcg@50 : 0.2827
Thu 02 Nov 2023 11:37:37 INFO  Saving current: saved/NCL-Nov-02-2023_11-30-09.pth
Thu 02 Nov 2023 11:37:37 INFO  Saving current best: saved/NCL-Nov-02-2023_11-30-09.pth
Thu 02 Nov 2023 11:37:37 INFO  Running E-step ! 
Thu 02 Nov 2023 11:37:44 INFO  epoch 68 training [time: 6.28s, train_loss1: 24.6886, train_loss2: 0.7732, train_loss3: 0.1854]
Thu 02 Nov 2023 11:37:44 INFO  epoch 68 evaluating [time: 0.15s, valid_score: 0.213500]
Thu 02 Nov 2023 11:37:44 INFO  valid result: 
recall@10 : 0.1748    recall@20 : 0.2669    recall@50 : 0.4278    ndcg@10 : 0.2135    ndcg@20 : 0.2325    ndcg@50 : 0.2828
Thu 02 Nov 2023 11:37:44 INFO  Saving current: saved/NCL-Nov-02-2023_11-30-09.pth
Thu 02 Nov 2023 11:37:44 INFO  Saving current best: saved/NCL-Nov-02-2023_11-30-09.pth
Thu 02 Nov 2023 11:37:44 INFO  Running E-step ! 
Thu 02 Nov 2023 11:37:50 INFO  epoch 69 training [time: 5.74s, train_loss1: 24.3911, train_loss2: 0.7718, train_loss3: 0.1849]
Thu 02 Nov 2023 11:37:51 INFO  epoch 69 evaluating [time: 0.50s, valid_score: 0.213900]
Thu 02 Nov 2023 11:37:51 INFO  valid result: 
recall@10 : 0.1755    recall@20 : 0.2674    recall@50 : 0.4287    ndcg@10 : 0.2139    ndcg@20 : 0.2328    ndcg@50 : 0.2833
Thu 02 Nov 2023 11:37:51 INFO  Saving current: saved/NCL-Nov-02-2023_11-30-09.pth
Thu 02 Nov 2023 11:37:51 INFO  Saving current best: saved/NCL-Nov-02-2023_11-30-09.pth
Thu 02 Nov 2023 11:37:51 INFO  Running E-step ! 
Thu 02 Nov 2023 11:37:57 INFO  epoch 70 training [time: 6.13s, train_loss1: 24.4244, train_loss2: 0.7704, train_loss3: 0.1840]
Thu 02 Nov 2023 11:37:57 INFO  epoch 70 evaluating [time: 0.15s, valid_score: 0.213500]
Thu 02 Nov 2023 11:37:57 INFO  valid result: 
recall@10 : 0.1753    recall@20 : 0.2672    recall@50 : 0.4291    ndcg@10 : 0.2135    ndcg@20 : 0.2325    ndcg@50 : 0.2833
Thu 02 Nov 2023 11:37:57 INFO  Running E-step ! 
Thu 02 Nov 2023 11:38:04 INFO  epoch 71 training [time: 5.80s, train_loss1: 24.4897, train_loss2: 0.7691, train_loss3: 0.1833]
Thu 02 Nov 2023 11:38:04 INFO  epoch 71 evaluating [time: 0.25s, valid_score: 0.213800]
Thu 02 Nov 2023 11:38:04 INFO  valid result: 
recall@10 : 0.1754    recall@20 : 0.2671    recall@50 : 0.43    ndcg@10 : 0.2138    ndcg@20 : 0.2329    ndcg@50 : 0.2838
Thu 02 Nov 2023 11:38:04 INFO  Running E-step ! 
Thu 02 Nov 2023 11:38:10 INFO  epoch 72 training [time: 6.05s, train_loss1: 24.1300, train_loss2: 0.7679, train_loss3: 0.1829]
Thu 02 Nov 2023 11:38:11 INFO  epoch 72 evaluating [time: 0.16s, valid_score: 0.214100]
Thu 02 Nov 2023 11:38:11 INFO  valid result: 
recall@10 : 0.176    recall@20 : 0.2676    recall@50 : 0.4307    ndcg@10 : 0.2141    ndcg@20 : 0.2332    ndcg@50 : 0.2841
Thu 02 Nov 2023 11:38:11 INFO  Saving current: saved/NCL-Nov-02-2023_11-30-09.pth
Thu 02 Nov 2023 11:38:11 INFO  Saving current best: saved/NCL-Nov-02-2023_11-30-09.pth
Thu 02 Nov 2023 11:38:11 INFO  Running E-step ! 
Thu 02 Nov 2023 11:38:17 INFO  epoch 73 training [time: 6.01s, train_loss1: 24.1333, train_loss2: 0.7666, train_loss3: 0.1816]
Thu 02 Nov 2023 11:38:17 INFO  epoch 73 evaluating [time: 0.25s, valid_score: 0.214200]
Thu 02 Nov 2023 11:38:17 INFO  valid result: 
recall@10 : 0.1758    recall@20 : 0.2686    recall@50 : 0.4312    ndcg@10 : 0.2142    ndcg@20 : 0.2337    ndcg@50 : 0.2844
Thu 02 Nov 2023 11:38:17 INFO  Saving current: saved/NCL-Nov-02-2023_11-30-09.pth
Thu 02 Nov 2023 11:38:17 INFO  Saving current best: saved/NCL-Nov-02-2023_11-30-09.pth
Thu 02 Nov 2023 11:38:17 INFO  Running E-step ! 
Thu 02 Nov 2023 11:38:24 INFO  epoch 74 training [time: 5.94s, train_loss1: 23.8359, train_loss2: 0.7655, train_loss3: 0.1814]
Thu 02 Nov 2023 11:38:24 INFO  epoch 74 evaluating [time: 0.16s, valid_score: 0.214900]
Thu 02 Nov 2023 11:38:24 INFO  valid result: 
recall@10 : 0.1769    recall@20 : 0.269    recall@50 : 0.4319    ndcg@10 : 0.2149    ndcg@20 : 0.234    ndcg@50 : 0.2849
Thu 02 Nov 2023 11:38:24 INFO  Saving current: saved/NCL-Nov-02-2023_11-30-09.pth
Thu 02 Nov 2023 11:38:24 INFO  Saving current best: saved/NCL-Nov-02-2023_11-30-09.pth
Thu 02 Nov 2023 11:38:24 INFO  Running E-step ! 
Thu 02 Nov 2023 11:38:30 INFO  epoch 75 training [time: 6.08s, train_loss1: 23.9322, train_loss2: 0.7641, train_loss3: 0.1809]
Thu 02 Nov 2023 11:38:31 INFO  epoch 75 evaluating [time: 0.24s, valid_score: 0.215100]
Thu 02 Nov 2023 11:38:31 INFO  valid result: 
recall@10 : 0.1769    recall@20 : 0.2689    recall@50 : 0.4328    ndcg@10 : 0.2151    ndcg@20 : 0.2342    ndcg@50 : 0.2853
Thu 02 Nov 2023 11:38:31 INFO  Saving current: saved/NCL-Nov-02-2023_11-30-09.pth
Thu 02 Nov 2023 11:38:31 INFO  Saving current best: saved/NCL-Nov-02-2023_11-30-09.pth
Thu 02 Nov 2023 11:38:31 INFO  Running E-step ! 
Thu 02 Nov 2023 11:38:37 INFO  epoch 76 training [time: 5.76s, train_loss1: 23.5618, train_loss2: 0.7629, train_loss3: 0.1810]
Thu 02 Nov 2023 11:38:37 INFO  epoch 76 evaluating [time: 0.16s, valid_score: 0.215000]
Thu 02 Nov 2023 11:38:37 INFO  valid result: 
recall@10 : 0.1774    recall@20 : 0.2694    recall@50 : 0.4331    ndcg@10 : 0.215    ndcg@20 : 0.2342    ndcg@50 : 0.2852
Thu 02 Nov 2023 11:38:37 INFO  Running E-step ! 
Thu 02 Nov 2023 11:38:44 INFO  epoch 77 training [time: 6.22s, train_loss1: 23.4790, train_loss2: 0.7617, train_loss3: 0.1801]
Thu 02 Nov 2023 11:38:44 INFO  epoch 77 evaluating [time: 0.22s, valid_score: 0.215400]
Thu 02 Nov 2023 11:38:44 INFO  valid result: 
recall@10 : 0.1776    recall@20 : 0.2698    recall@50 : 0.433    ndcg@10 : 0.2154    ndcg@20 : 0.2344    ndcg@50 : 0.2855
Thu 02 Nov 2023 11:38:44 INFO  Saving current: saved/NCL-Nov-02-2023_11-30-09.pth
Thu 02 Nov 2023 11:38:44 INFO  Saving current best: saved/NCL-Nov-02-2023_11-30-09.pth
Thu 02 Nov 2023 11:38:44 INFO  Running E-step ! 
Thu 02 Nov 2023 11:38:50 INFO  epoch 78 training [time: 5.73s, train_loss1: 23.3907, train_loss2: 0.7605, train_loss3: 0.1796]
Thu 02 Nov 2023 11:38:50 INFO  epoch 78 evaluating [time: 0.16s, valid_score: 0.215600]
Thu 02 Nov 2023 11:38:50 INFO  valid result: 
recall@10 : 0.1776    recall@20 : 0.2704    recall@50 : 0.433    ndcg@10 : 0.2156    ndcg@20 : 0.2347    ndcg@50 : 0.2857
Thu 02 Nov 2023 11:38:50 INFO  Saving current: saved/NCL-Nov-02-2023_11-30-09.pth
Thu 02 Nov 2023 11:38:50 INFO  Saving current best: saved/NCL-Nov-02-2023_11-30-09.pth
Thu 02 Nov 2023 11:38:50 INFO  Running E-step ! 
Thu 02 Nov 2023 11:38:57 INFO  epoch 79 training [time: 6.25s, train_loss1: 23.3940, train_loss2: 0.7594, train_loss3: 0.1794]
Thu 02 Nov 2023 11:38:57 INFO  epoch 79 evaluating [time: 0.15s, valid_score: 0.216000]
Thu 02 Nov 2023 11:38:57 INFO  valid result: 
recall@10 : 0.1782    recall@20 : 0.2705    recall@50 : 0.435    ndcg@10 : 0.216    ndcg@20 : 0.235    ndcg@50 : 0.2864
Thu 02 Nov 2023 11:38:57 INFO  Saving current: saved/NCL-Nov-02-2023_11-30-09.pth
Thu 02 Nov 2023 11:38:57 INFO  Saving current best: saved/NCL-Nov-02-2023_11-30-09.pth
Thu 02 Nov 2023 11:38:57 INFO  Running E-step ! 
Thu 02 Nov 2023 11:39:03 INFO  epoch 80 training [time: 5.74s, train_loss1: 23.0979, train_loss2: 0.7582, train_loss3: 0.1789]
Thu 02 Nov 2023 11:39:03 INFO  epoch 80 evaluating [time: 0.15s, valid_score: 0.216000]
Thu 02 Nov 2023 11:39:03 INFO  valid result: 
recall@10 : 0.178    recall@20 : 0.2699    recall@50 : 0.4349    ndcg@10 : 0.216    ndcg@20 : 0.2351    ndcg@50 : 0.2866
Thu 02 Nov 2023 11:39:03 INFO  Saving current: saved/NCL-Nov-02-2023_11-30-09.pth
Thu 02 Nov 2023 11:39:03 INFO  Saving current best: saved/NCL-Nov-02-2023_11-30-09.pth
Thu 02 Nov 2023 11:39:03 INFO  Running E-step ! 
Thu 02 Nov 2023 11:39:11 INFO  epoch 81 training [time: 7.13s, train_loss1: 23.1823, train_loss2: 0.7570, train_loss3: 0.1781]
Thu 02 Nov 2023 11:39:11 INFO  epoch 81 evaluating [time: 0.26s, valid_score: 0.216400]
Thu 02 Nov 2023 11:39:11 INFO  valid result: 
recall@10 : 0.1785    recall@20 : 0.2703    recall@50 : 0.4361    ndcg@10 : 0.2164    ndcg@20 : 0.2354    ndcg@50 : 0.2872
Thu 02 Nov 2023 11:39:11 INFO  Saving current: saved/NCL-Nov-02-2023_11-30-09.pth
Thu 02 Nov 2023 11:39:11 INFO  Saving current best: saved/NCL-Nov-02-2023_11-30-09.pth
Thu 02 Nov 2023 11:39:11 INFO  Running E-step ! 
Thu 02 Nov 2023 11:39:17 INFO  epoch 82 training [time: 5.79s, train_loss1: 23.0034, train_loss2: 0.7560, train_loss3: 0.1776]
Thu 02 Nov 2023 11:39:17 INFO  epoch 82 evaluating [time: 0.16s, valid_score: 0.216700]
Thu 02 Nov 2023 11:39:17 INFO  valid result: 
recall@10 : 0.179    recall@20 : 0.2702    recall@50 : 0.4367    ndcg@10 : 0.2167    ndcg@20 : 0.2354    ndcg@50 : 0.2873
Thu 02 Nov 2023 11:39:17 INFO  Saving current: saved/NCL-Nov-02-2023_11-30-09.pth
Thu 02 Nov 2023 11:39:17 INFO  Saving current best: saved/NCL-Nov-02-2023_11-30-09.pth
Thu 02 Nov 2023 11:39:17 INFO  Running E-step ! 
Thu 02 Nov 2023 11:39:24 INFO  epoch 83 training [time: 6.32s, train_loss1: 22.9317, train_loss2: 0.7549, train_loss3: 0.1778]
Thu 02 Nov 2023 11:39:24 INFO  epoch 83 evaluating [time: 0.17s, valid_score: 0.216300]
Thu 02 Nov 2023 11:39:24 INFO  valid result: 
recall@10 : 0.1787    recall@20 : 0.2699    recall@50 : 0.4367    ndcg@10 : 0.2163    ndcg@20 : 0.2352    ndcg@50 : 0.2873
Thu 02 Nov 2023 11:39:24 INFO  Running E-step ! 
Thu 02 Nov 2023 11:39:30 INFO  epoch 84 training [time: 5.76s, train_loss1: 22.7540, train_loss2: 0.7538, train_loss3: 0.1770]
Thu 02 Nov 2023 11:39:31 INFO  epoch 84 evaluating [time: 0.15s, valid_score: 0.216300]
Thu 02 Nov 2023 11:39:31 INFO  valid result: 
recall@10 : 0.1782    recall@20 : 0.2706    recall@50 : 0.4379    ndcg@10 : 0.2163    ndcg@20 : 0.2354    ndcg@50 : 0.2876
Thu 02 Nov 2023 11:39:31 INFO  Running E-step ! 
Thu 02 Nov 2023 11:39:37 INFO  epoch 85 training [time: 6.24s, train_loss1: 22.6908, train_loss2: 0.7528, train_loss3: 0.1769]
Thu 02 Nov 2023 11:39:37 INFO  epoch 85 evaluating [time: 0.15s, valid_score: 0.216300]
Thu 02 Nov 2023 11:39:37 INFO  valid result: 
recall@10 : 0.1783    recall@20 : 0.2699    recall@50 : 0.438    ndcg@10 : 0.2163    ndcg@20 : 0.2352    ndcg@50 : 0.2877
Thu 02 Nov 2023 11:39:37 INFO  Running E-step ! 
Thu 02 Nov 2023 11:39:44 INFO  epoch 86 training [time: 5.89s, train_loss1: 22.4869, train_loss2: 0.7517, train_loss3: 0.1762]
Thu 02 Nov 2023 11:39:44 INFO  epoch 86 evaluating [time: 0.17s, valid_score: 0.216600]
Thu 02 Nov 2023 11:39:44 INFO  valid result: 
recall@10 : 0.178    recall@20 : 0.2707    recall@50 : 0.4387    ndcg@10 : 0.2166    ndcg@20 : 0.2357    ndcg@50 : 0.2882
Thu 02 Nov 2023 11:39:44 INFO  Running E-step ! 
Thu 02 Nov 2023 11:39:51 INFO  epoch 87 training [time: 6.35s, train_loss1: 22.4501, train_loss2: 0.7508, train_loss3: 0.1758]
Thu 02 Nov 2023 11:39:51 INFO  epoch 87 evaluating [time: 0.15s, valid_score: 0.216700]
Thu 02 Nov 2023 11:39:51 INFO  valid result: 
recall@10 : 0.1787    recall@20 : 0.2707    recall@50 : 0.4387    ndcg@10 : 0.2167    ndcg@20 : 0.2357    ndcg@50 : 0.2882
Thu 02 Nov 2023 11:39:51 INFO  Saving current: saved/NCL-Nov-02-2023_11-30-09.pth
Thu 02 Nov 2023 11:39:51 INFO  Saving current best: saved/NCL-Nov-02-2023_11-30-09.pth
Thu 02 Nov 2023 11:39:51 INFO  Running E-step ! 
Thu 02 Nov 2023 11:39:57 INFO  epoch 88 training [time: 5.89s, train_loss1: 22.4440, train_loss2: 0.7497, train_loss3: 0.1755]
Thu 02 Nov 2023 11:39:57 INFO  epoch 88 evaluating [time: 0.16s, valid_score: 0.217100]
Thu 02 Nov 2023 11:39:57 INFO  valid result: 
recall@10 : 0.179    recall@20 : 0.2717    recall@50 : 0.4394    ndcg@10 : 0.2171    ndcg@20 : 0.2362    ndcg@50 : 0.2885
Thu 02 Nov 2023 11:39:57 INFO  Saving current: saved/NCL-Nov-02-2023_11-30-09.pth
Thu 02 Nov 2023 11:39:57 INFO  Saving current best: saved/NCL-Nov-02-2023_11-30-09.pth
Thu 02 Nov 2023 11:39:57 INFO  Running E-step ! 
Thu 02 Nov 2023 11:40:04 INFO  epoch 89 training [time: 6.45s, train_loss1: 22.2994, train_loss2: 0.7489, train_loss3: 0.1751]
Thu 02 Nov 2023 11:40:04 INFO  epoch 89 evaluating [time: 0.16s, valid_score: 0.216800]
Thu 02 Nov 2023 11:40:04 INFO  valid result: 
recall@10 : 0.179    recall@20 : 0.2715    recall@50 : 0.44    ndcg@10 : 0.2168    ndcg@20 : 0.236    ndcg@50 : 0.2884
Thu 02 Nov 2023 11:40:04 INFO  Running E-step ! 
Thu 02 Nov 2023 11:40:10 INFO  epoch 90 training [time: 6.00s, train_loss1: 22.2382, train_loss2: 0.7479, train_loss3: 0.1748]
Thu 02 Nov 2023 11:40:11 INFO  epoch 90 evaluating [time: 0.17s, valid_score: 0.217500]
Thu 02 Nov 2023 11:40:11 INFO  valid result: 
recall@10 : 0.1796    recall@20 : 0.2713    recall@50 : 0.439    ndcg@10 : 0.2175    ndcg@20 : 0.2363    ndcg@50 : 0.2887
Thu 02 Nov 2023 11:40:11 INFO  Saving current: saved/NCL-Nov-02-2023_11-30-09.pth
Thu 02 Nov 2023 11:40:11 INFO  Saving current best: saved/NCL-Nov-02-2023_11-30-09.pth
Thu 02 Nov 2023 11:40:11 INFO  Running E-step ! 
Thu 02 Nov 2023 11:40:18 INFO  epoch 91 training [time: 6.46s, train_loss1: 22.0782, train_loss2: 0.7468, train_loss3: 0.1745]
Thu 02 Nov 2023 11:40:18 INFO  epoch 91 evaluating [time: 0.17s, valid_score: 0.217600]
Thu 02 Nov 2023 11:40:18 INFO  valid result: 
recall@10 : 0.1795    recall@20 : 0.2718    recall@50 : 0.4404    ndcg@10 : 0.2176    ndcg@20 : 0.2365    ndcg@50 : 0.2892
Thu 02 Nov 2023 11:40:18 INFO  Saving current: saved/NCL-Nov-02-2023_11-30-09.pth
Thu 02 Nov 2023 11:40:18 INFO  Saving current best: saved/NCL-Nov-02-2023_11-30-09.pth
Thu 02 Nov 2023 11:40:18 INFO  Running E-step ! 
Thu 02 Nov 2023 11:40:24 INFO  epoch 92 training [time: 5.93s, train_loss1: 22.1081, train_loss2: 0.7458, train_loss3: 0.1742]
Thu 02 Nov 2023 11:40:24 INFO  epoch 92 evaluating [time: 0.17s, valid_score: 0.217500]
Thu 02 Nov 2023 11:40:24 INFO  valid result: 
recall@10 : 0.1798    recall@20 : 0.2716    recall@50 : 0.4401    ndcg@10 : 0.2175    ndcg@20 : 0.2364    ndcg@50 : 0.2891
Thu 02 Nov 2023 11:40:24 INFO  Running E-step ! 
Thu 02 Nov 2023 11:40:31 INFO  epoch 93 training [time: 6.44s, train_loss1: 21.8824, train_loss2: 0.7448, train_loss3: 0.1729]
Thu 02 Nov 2023 11:40:31 INFO  epoch 93 evaluating [time: 0.17s, valid_score: 0.217700]
Thu 02 Nov 2023 11:40:31 INFO  valid result: 
recall@10 : 0.1793    recall@20 : 0.2716    recall@50 : 0.4404    ndcg@10 : 0.2177    ndcg@20 : 0.2368    ndcg@50 : 0.2895
Thu 02 Nov 2023 11:40:31 INFO  Saving current: saved/NCL-Nov-02-2023_11-30-09.pth
Thu 02 Nov 2023 11:40:31 INFO  Saving current best: saved/NCL-Nov-02-2023_11-30-09.pth
Thu 02 Nov 2023 11:40:31 INFO  Running E-step ! 
Thu 02 Nov 2023 11:40:37 INFO  epoch 94 training [time: 5.86s, train_loss1: 21.8817, train_loss2: 0.7440, train_loss3: 0.1731]
Thu 02 Nov 2023 11:40:38 INFO  epoch 94 evaluating [time: 0.25s, valid_score: 0.217900]
Thu 02 Nov 2023 11:40:38 INFO  valid result: 
recall@10 : 0.1794    recall@20 : 0.2723    recall@50 : 0.4414    ndcg@10 : 0.2179    ndcg@20 : 0.2371    ndcg@50 : 0.2899
Thu 02 Nov 2023 11:40:38 INFO  Saving current: saved/NCL-Nov-02-2023_11-30-09.pth
Thu 02 Nov 2023 11:40:38 INFO  Saving current best: saved/NCL-Nov-02-2023_11-30-09.pth
Thu 02 Nov 2023 11:40:38 INFO  Running E-step ! 
Thu 02 Nov 2023 11:40:44 INFO  epoch 95 training [time: 6.16s, train_loss1: 21.7423, train_loss2: 0.7431, train_loss3: 0.1730]
Thu 02 Nov 2023 11:40:45 INFO  epoch 95 evaluating [time: 0.15s, valid_score: 0.217800]
Thu 02 Nov 2023 11:40:45 INFO  valid result: 
recall@10 : 0.1794    recall@20 : 0.2724    recall@50 : 0.4423    ndcg@10 : 0.2178    ndcg@20 : 0.2372    ndcg@50 : 0.2902
Thu 02 Nov 2023 11:40:45 INFO  Running E-step ! 
Thu 02 Nov 2023 11:40:51 INFO  epoch 96 training [time: 5.95s, train_loss1: 21.6538, train_loss2: 0.7422, train_loss3: 0.1728]
Thu 02 Nov 2023 11:40:51 INFO  epoch 96 evaluating [time: 0.25s, valid_score: 0.217700]
Thu 02 Nov 2023 11:40:51 INFO  valid result: 
recall@10 : 0.1787    recall@20 : 0.2729    recall@50 : 0.4418    ndcg@10 : 0.2177    ndcg@20 : 0.2376    ndcg@50 : 0.2903
Thu 02 Nov 2023 11:40:51 INFO  Running E-step ! 
Thu 02 Nov 2023 11:40:58 INFO  epoch 97 training [time: 5.98s, train_loss1: 21.5517, train_loss2: 0.7415, train_loss3: 0.1720]
Thu 02 Nov 2023 11:40:58 INFO  epoch 97 evaluating [time: 0.17s, valid_score: 0.217900]
Thu 02 Nov 2023 11:40:58 INFO  valid result: 
recall@10 : 0.1787    recall@20 : 0.2726    recall@50 : 0.442    ndcg@10 : 0.2179    ndcg@20 : 0.2376    ndcg@50 : 0.2905
Thu 02 Nov 2023 11:40:58 INFO  Saving current: saved/NCL-Nov-02-2023_11-30-09.pth
Thu 02 Nov 2023 11:40:58 INFO  Saving current best: saved/NCL-Nov-02-2023_11-30-09.pth
Thu 02 Nov 2023 11:40:58 INFO  Running E-step ! 
Thu 02 Nov 2023 11:41:04 INFO  epoch 98 training [time: 6.05s, train_loss1: 21.4582, train_loss2: 0.7408, train_loss3: 0.1722]
Thu 02 Nov 2023 11:41:05 INFO  epoch 98 evaluating [time: 0.26s, valid_score: 0.218000]
Thu 02 Nov 2023 11:41:05 INFO  valid result: 
recall@10 : 0.1787    recall@20 : 0.2728    recall@50 : 0.4432    ndcg@10 : 0.218    ndcg@20 : 0.2379    ndcg@50 : 0.291
Thu 02 Nov 2023 11:41:05 INFO  Saving current: saved/NCL-Nov-02-2023_11-30-09.pth
Thu 02 Nov 2023 11:41:05 INFO  Saving current best: saved/NCL-Nov-02-2023_11-30-09.pth
Thu 02 Nov 2023 11:41:05 INFO  Running E-step ! 
Thu 02 Nov 2023 11:41:11 INFO  epoch 99 training [time: 5.84s, train_loss1: 21.3286, train_loss2: 0.7401, train_loss3: 0.1719]
Thu 02 Nov 2023 11:41:11 INFO  epoch 99 evaluating [time: 0.16s, valid_score: 0.218000]
Thu 02 Nov 2023 11:41:11 INFO  valid result: 
recall@10 : 0.1786    recall@20 : 0.2726    recall@50 : 0.4433    ndcg@10 : 0.218    ndcg@20 : 0.2379    ndcg@50 : 0.2911
Thu 02 Nov 2023 11:41:11 INFO  Saving current: saved/NCL-Nov-02-2023_11-30-09.pth
Thu 02 Nov 2023 11:41:11 INFO  Saving current best: saved/NCL-Nov-02-2023_11-30-09.pth
Thu 02 Nov 2023 11:41:11 INFO  Running E-step ! 
Thu 02 Nov 2023 11:41:18 INFO  epoch 100 training [time: 6.17s, train_loss1: 21.3261, train_loss2: 0.7393, train_loss3: 0.1713]
Thu 02 Nov 2023 11:41:18 INFO  epoch 100 evaluating [time: 0.24s, valid_score: 0.217800]
Thu 02 Nov 2023 11:41:18 INFO  valid result: 
recall@10 : 0.1789    recall@20 : 0.273    recall@50 : 0.4437    ndcg@10 : 0.2178    ndcg@20 : 0.2379    ndcg@50 : 0.2911
Thu 02 Nov 2023 11:41:18 INFO  Running E-step ! 
Thu 02 Nov 2023 11:41:24 INFO  epoch 101 training [time: 5.76s, train_loss1: 21.1546, train_loss2: 0.7385, train_loss3: 0.1713]
Thu 02 Nov 2023 11:41:24 INFO  epoch 101 evaluating [time: 0.16s, valid_score: 0.217500]
Thu 02 Nov 2023 11:41:24 INFO  valid result: 
recall@10 : 0.1784    recall@20 : 0.2729    recall@50 : 0.4433    ndcg@10 : 0.2175    ndcg@20 : 0.2378    ndcg@50 : 0.2909
Thu 02 Nov 2023 11:41:24 INFO  Running E-step ! 
Thu 02 Nov 2023 11:41:31 INFO  epoch 102 training [time: 6.34s, train_loss1: 20.9899, train_loss2: 0.7375, train_loss3: 0.1713]
Thu 02 Nov 2023 11:41:31 INFO  epoch 102 evaluating [time: 0.16s, valid_score: 0.217800]
Thu 02 Nov 2023 11:41:31 INFO  valid result: 
recall@10 : 0.1791    recall@20 : 0.2734    recall@50 : 0.4435    ndcg@10 : 0.2178    ndcg@20 : 0.238    ndcg@50 : 0.291
Thu 02 Nov 2023 11:41:31 INFO  Running E-step ! 
Thu 02 Nov 2023 11:41:37 INFO  epoch 103 training [time: 5.79s, train_loss1: 21.0830, train_loss2: 0.7365, train_loss3: 0.1709]
Thu 02 Nov 2023 11:41:37 INFO  epoch 103 evaluating [time: 0.16s, valid_score: 0.217800]
Thu 02 Nov 2023 11:41:37 INFO  valid result: 
recall@10 : 0.1788    recall@20 : 0.2733    recall@50 : 0.4435    ndcg@10 : 0.2178    ndcg@20 : 0.2382    ndcg@50 : 0.2911
Thu 02 Nov 2023 11:41:37 INFO  Running E-step ! 
Thu 02 Nov 2023 11:41:44 INFO  epoch 104 training [time: 6.32s, train_loss1: 20.9037, train_loss2: 0.7357, train_loss3: 0.1708]
Thu 02 Nov 2023 11:41:45 INFO  epoch 104 evaluating [time: 0.47s, valid_score: 0.217600]
Thu 02 Nov 2023 11:41:45 INFO  valid result: 
recall@10 : 0.1785    recall@20 : 0.2731    recall@50 : 0.4438    ndcg@10 : 0.2176    ndcg@20 : 0.2381    ndcg@50 : 0.2912
Thu 02 Nov 2023 11:41:45 INFO  Running E-step ! 
Thu 02 Nov 2023 11:41:51 INFO  epoch 105 training [time: 6.02s, train_loss1: 20.9678, train_loss2: 0.7349, train_loss3: 0.1704]
Thu 02 Nov 2023 11:41:51 INFO  epoch 105 evaluating [time: 0.17s, valid_score: 0.217500]
Thu 02 Nov 2023 11:41:51 INFO  valid result: 
recall@10 : 0.1788    recall@20 : 0.2732    recall@50 : 0.4444    ndcg@10 : 0.2175    ndcg@20 : 0.2379    ndcg@50 : 0.2913
Thu 02 Nov 2023 11:41:51 INFO  Running E-step ! 
Thu 02 Nov 2023 11:41:58 INFO  epoch 106 training [time: 6.37s, train_loss1: 20.7750, train_loss2: 0.7343, train_loss3: 0.1709]
Thu 02 Nov 2023 11:41:58 INFO  epoch 106 evaluating [time: 0.18s, valid_score: 0.217300]
Thu 02 Nov 2023 11:41:58 INFO  valid result: 
recall@10 : 0.1787    recall@20 : 0.2726    recall@50 : 0.4443    ndcg@10 : 0.2173    ndcg@20 : 0.2376    ndcg@50 : 0.2911
Thu 02 Nov 2023 11:41:58 INFO  Running E-step ! 
Thu 02 Nov 2023 11:42:04 INFO  epoch 107 training [time: 5.85s, train_loss1: 20.5902, train_loss2: 0.7338, train_loss3: 0.1705]
Thu 02 Nov 2023 11:42:05 INFO  epoch 107 evaluating [time: 0.16s, valid_score: 0.217500]
Thu 02 Nov 2023 11:42:05 INFO  valid result: 
recall@10 : 0.1784    recall@20 : 0.2735    recall@50 : 0.4444    ndcg@10 : 0.2175    ndcg@20 : 0.2379    ndcg@50 : 0.2912
Thu 02 Nov 2023 11:42:05 INFO  Running E-step ! 
Thu 02 Nov 2023 11:42:11 INFO  epoch 108 training [time: 6.36s, train_loss1: 20.8035, train_loss2: 0.7330, train_loss3: 0.1706]
Thu 02 Nov 2023 11:42:11 INFO  epoch 108 evaluating [time: 0.16s, valid_score: 0.217300]
Thu 02 Nov 2023 11:42:11 INFO  valid result: 
recall@10 : 0.1779    recall@20 : 0.2729    recall@50 : 0.4446    ndcg@10 : 0.2173    ndcg@20 : 0.2377    ndcg@50 : 0.2913
Thu 02 Nov 2023 11:42:11 INFO  Running E-step ! 
Thu 02 Nov 2023 11:42:18 INFO  epoch 109 training [time: 5.87s, train_loss1: 20.5458, train_loss2: 0.7321, train_loss3: 0.1702]
Thu 02 Nov 2023 11:42:18 INFO  epoch 109 evaluating [time: 0.18s, valid_score: 0.217200]
Thu 02 Nov 2023 11:42:18 INFO  valid result: 
recall@10 : 0.1786    recall@20 : 0.2736    recall@50 : 0.4444    ndcg@10 : 0.2172    ndcg@20 : 0.2378    ndcg@50 : 0.2911
Thu 02 Nov 2023 11:42:18 INFO  Running E-step ! 
Thu 02 Nov 2023 11:42:25 INFO  epoch 110 training [time: 6.43s, train_loss1: 20.4391, train_loss2: 0.7315, train_loss3: 0.1698]
Thu 02 Nov 2023 11:42:25 INFO  epoch 110 evaluating [time: 0.17s, valid_score: 0.216800]
Thu 02 Nov 2023 11:42:25 INFO  valid result: 
recall@10 : 0.1778    recall@20 : 0.2745    recall@50 : 0.4443    ndcg@10 : 0.2168    ndcg@20 : 0.2383    ndcg@50 : 0.2912
Thu 02 Nov 2023 11:42:25 INFO  Finished training, best eval result in epoch 99
Thu 02 Nov 2023 11:42:25 INFO  Loading model structure and parameters from saved/NCL-Nov-02-2023_11-30-09.pth
Thu 02 Nov 2023 11:42:25 INFO  best valid : OrderedDict([('recall@10', 0.1786), ('recall@20', 0.2726), ('recall@50', 0.4433), ('ndcg@10', 0.218), ('ndcg@20', 0.2379), ('ndcg@50', 0.2911)])
Thu 02 Nov 2023 11:42:25 INFO  test result: OrderedDict([('recall@10', 0.204), ('recall@20', 0.3049), ('recall@50', 0.4707), ('ndcg@10', 0.2714), ('ndcg@20', 0.2837), ('ndcg@50', 0.3297)])
